# JRE version: OpenJDK Runtime Environment Temurin-21.0.6+7 (21.0.6+7) (build 21.0.6+7-LTS)
# Java VM: OpenJDK 64-Bit Server VM Temurin-21.0.6+7 (21.0.6+7-LTS, mixed mode, sharing, tiered, compressed oops, compressed class ptrs, parallel gc, windows-amd64)
GC Precious Log:
 CardTable entry size: 512
 CPUs: 20 total, 20 available
 Memory: 32472M
 Large Page Support: Disabled
 NUMA Support: Disabled
 Compressed Oops: Enabled (32-bit)
 Alignments: Space 512K, Generation 512K, Heap 2M
 Heap Min Capacity: 100M
 Heap Initial Capacity: 100M
 Heap Max Capacity: 2G
 Pre-touch: Disabled
 Parallel Workers: 15
Heap:
 PSYoungGen      total 8192K, used 486K [0x00000000d5580000, 0x00000000d5e00000, 0x0000000100000000)
  eden space 7680K, 0% used [0x00000000d5580000,0x00000000d5580000,0x00000000d5d00000)
  from space 512K, 95% used [0x00000000d5d80000,0x00000000d5df9b40,0x00000000d5e00000)
  to   space 512K, 0% used [0x00000000d5d00000,0x00000000d5d00000,0x00000000d5d80000)
 ParOldGen       total 1229312K, used 1229101K [0x0000000080000000, 0x00000000cb080000, 0x00000000d5580000)
  object space 1229312K, 99% used [0x0000000080000000,0x00000000cb04b5b0,0x00000000cb080000)
 Metaspace       used 106745K, committed 108480K, reserved 1179648K
  class space    used 10221K, committed 11072K, reserved 1048576K
GC Heap History (20 events):
Event: 174909.419 GC heap before
{Heap before GC invocations=8825 (full 12):
 PSYoungGen      total 8192K, used 6692K [0x00000000d5580000, 0x00000000d5f00000, 0x0000000100000000)
  eden space 6144K, 100% used [0x00000000d5580000,0x00000000d5b80000,0x00000000d5b80000)
  from space 2048K, 26% used [0x00000000d5b80000,0x00000000d5c09210,0x00000000d5d80000)
  to   space 1024K, 0% used [0x00000000d5e00000,0x00000000d5e00000,0x00000000d5f00000)
 ParOldGen       total 1226752K, used 1226677K [0x0000000080000000, 0x00000000cae00000, 0x00000000d5580000)
  object space 1226752K, 99% used [0x0000000080000000,0x00000000caded4d8,0x00000000cae00000)
 Metaspace       used 106742K, committed 108480K, reserved 1179648K
  class space    used 10221K, committed 11072K, reserved 1048576K
}
Event: 174909.422 GC heap after
{Heap after GC invocations=8825 (full 12):
 PSYoungGen      total 6656K, used 314K [0x00000000d5580000, 0x00000000d5e80000, 0x0000000100000000)
  eden space 6144K, 0% used [0x00000000d5580000,0x00000000d5580000,0x00000000d5b80000)
  from space 512K, 61% used [0x00000000d5e00000,0x00000000d5e4e900,0x00000000d5e80000)
  to   space 512K, 0% used [0x00000000d5d80000,0x00000000d5d80000,0x00000000d5e00000)
 ParOldGen       total 1227264K, used 1226813K [0x0000000080000000, 0x00000000cae80000, 0x00000000d5580000)
  object space 1227264K, 99% used [0x0000000080000000,0x00000000cae0f4d8,0x00000000cae80000)
 Metaspace       used 106742K, committed 108480K, reserved 1179648K
  class space    used 10221K, committed 11072K, reserved 1048576K
}
Event: 174909.593 GC heap before
{Heap before GC invocations=8826 (full 12):
 PSYoungGen      total 6656K, used 6458K [0x00000000d5580000, 0x00000000d5e80000, 0x0000000100000000)
  eden space 6144K, 100% used [0x00000000d5580000,0x00000000d5b80000,0x00000000d5b80000)
  from space 512K, 61% used [0x00000000d5e00000,0x00000000d5e4e900,0x00000000d5e80000)
  to   space 512K, 0% used [0x00000000d5d80000,0x00000000d5d80000,0x00000000d5e00000)
 ParOldGen       total 1227264K, used 1226813K [0x0000000080000000, 0x00000000cae80000, 0x00000000d5580000)
  object space 1227264K, 99% used [0x0000000080000000,0x00000000cae0f4d8,0x00000000cae80000)
 Metaspace       used 106743K, committed 108480K, reserved 1179648K
  class space    used 10221K, committed 11072K, reserved 1048576K
}
Event: 174909.595 GC heap after
{Heap after GC invocations=8826 (full 12):
 PSYoungGen      total 6656K, used 487K [0x00000000d5580000, 0x00000000d5e80000, 0x0000000100000000)
  eden space 6144K, 0% used [0x00000000d5580000,0x00000000d5580000,0x00000000d5b80000)
  from space 512K, 95% used [0x00000000d5d80000,0x00000000d5df9da8,0x00000000d5e00000)
  to   space 512K, 0% used [0x00000000d5e00000,0x00000000d5e00000,0x00000000d5e80000)
 ParOldGen       total 1227264K, used 1226877K [0x0000000080000000, 0x00000000cae80000, 0x00000000d5580000)
  object space 1227264K, 99% used [0x0000000080000000,0x00000000cae1f4d8,0x00000000cae80000)
 Metaspace       used 106743K, committed 108480K, reserved 1179648K
  class space    used 10221K, committed 11072K, reserved 1048576K
}
Event: 174909.601 GC heap before
{Heap before GC invocations=8827 (full 12):
 PSYoungGen      total 6656K, used 6631K [0x00000000d5580000, 0x00000000d5e80000, 0x0000000100000000)
  eden space 6144K, 100% used [0x00000000d5580000,0x00000000d5b80000,0x00000000d5b80000)
  from space 512K, 95% used [0x00000000d5d80000,0x00000000d5df9da8,0x00000000d5e00000)
  to   space 512K, 0% used [0x00000000d5e00000,0x00000000d5e00000,0x00000000d5e80000)
 ParOldGen       total 1227264K, used 1226877K [0x0000000080000000, 0x00000000cae80000, 0x00000000d5580000)
  object space 1227264K, 99% used [0x0000000080000000,0x00000000cae1f4d8,0x00000000cae80000)
 Metaspace       used 106743K, committed 108480K, reserved 1179648K
  class space    used 10221K, committed 11072K, reserved 1048576K
}
Event: 174909.603 GC heap after
{Heap after GC invocations=8827 (full 12):
 PSYoungGen      total 6656K, used 512K [0x00000000d5580000, 0x00000000d5e80000, 0x0000000100000000)
  eden space 6144K, 0% used [0x00000000d5580000,0x00000000d5580000,0x00000000d5b80000)
  from space 512K, 100% used [0x00000000d5e00000,0x00000000d5e80000,0x00000000d5e80000)
  to   space 1024K, 0% used [0x00000000d5c80000,0x00000000d5c80000,0x00000000d5d80000)
 ParOldGen       total 1227264K, used 1227184K [0x0000000080000000, 0x00000000cae80000, 0x00000000d5580000)
  object space 1227264K, 99% used [0x0000000080000000,0x00000000cae6c368,0x00000000cae80000)
 Metaspace       used 106743K, committed 108480K, reserved 1179648K
  class space    used 10221K, committed 11072K, reserved 1048576K
}
Event: 174909.609 GC heap before
{Heap before GC invocations=8828 (full 12):
 PSYoungGen      total 6656K, used 5502K [0x00000000d5580000, 0x00000000d5e80000, 0x0000000100000000)
  eden space 6144K, 81% used [0x00000000d5580000,0x00000000d5a5f8c8,0x00000000d5b80000)
  from space 512K, 100% used [0x00000000d5e00000,0x00000000d5e80000,0x00000000d5e80000)
  to   space 1024K, 0% used [0x00000000d5c80000,0x00000000d5c80000,0x00000000d5d80000)
 ParOldGen       total 1227264K, used 1227184K [0x0000000080000000, 0x00000000cae80000, 0x00000000d5580000)
  object space 1227264K, 99% used [0x0000000080000000,0x00000000cae6c368,0x00000000cae80000)
 Metaspace       used 106744K, committed 108480K, reserved 1179648K
  class space    used 10221K, committed 11072K, reserved 1048576K
}
Event: 174909.610 GC heap after
{Heap after GC invocations=8828 (full 12):
 PSYoungGen      total 7168K, used 755K [0x00000000d5580000, 0x00000000d5e80000, 0x0000000100000000)
  eden space 6144K, 0% used [0x00000000d5580000,0x00000000d5580000,0x00000000d5b80000)
  from space 1024K, 73% used [0x00000000d5c80000,0x00000000d5d3ce60,0x00000000d5d80000)
  to   space 1024K, 0% used [0x00000000d5d80000,0x00000000d5d80000,0x00000000d5e80000)
 ParOldGen       total 1227776K, used 1227601K [0x0000000080000000, 0x00000000caf00000, 0x00000000d5580000)
  object space 1227776K, 99% used [0x0000000080000000,0x00000000caed4538,0x00000000caf00000)
 Metaspace       used 106744K, committed 108480K, reserved 1179648K
  class space    used 10221K, committed 11072K, reserved 1048576K
}
Event: 174909.615 GC heap before
{Heap before GC invocations=8829 (full 12):
 PSYoungGen      total 7168K, used 6894K [0x00000000d5580000, 0x00000000d5e80000, 0x0000000100000000)
  eden space 6144K, 99% used [0x00000000d5580000,0x00000000d5b7eb28,0x00000000d5b80000)
  from space 1024K, 73% used [0x00000000d5c80000,0x00000000d5d3ce60,0x00000000d5d80000)
  to   space 1024K, 0% used [0x00000000d5d80000,0x00000000d5d80000,0x00000000d5e80000)
 ParOldGen       total 1227776K, used 1227601K [0x0000000080000000, 0x00000000caf00000, 0x00000000d5580000)
  object space 1227776K, 99% used [0x0000000080000000,0x00000000caed4538,0x00000000caf00000)
 Metaspace       used 106744K, committed 108480K, reserved 1179648K
  class space    used 10221K, committed 11072K, reserved 1048576K
}
Event: 174909.616 GC heap after
{Heap after GC invocations=8829 (full 12):
 PSYoungGen      total 7168K, used 544K [0x00000000d5580000, 0x00000000d5e80000, 0x0000000100000000)
  eden space 6144K, 0% used [0x00000000d5580000,0x00000000d5580000,0x00000000d5b80000)
  from space 1024K, 53% used [0x00000000d5d80000,0x00000000d5e08000,0x00000000d5e80000)
  to   space 1024K, 0% used [0x00000000d5c80000,0x00000000d5c80000,0x00000000d5d80000)
 ParOldGen       total 1228288K, used 1228130K [0x0000000080000000, 0x00000000caf80000, 0x00000000d5580000)
  object space 1228288K, 99% used [0x0000000080000000,0x00000000caf58a88,0x00000000caf80000)
 Metaspace       used 106744K, committed 108480K, reserved 1179648K
  class space    used 10221K, committed 11072K, reserved 1048576K
}
Event: 174909.623 GC heap before
{Heap before GC invocations=8830 (full 12):
 PSYoungGen      total 7168K, used 5091K [0x00000000d5580000, 0x00000000d5e80000, 0x0000000100000000)
  eden space 6144K, 74% used [0x00000000d5580000,0x00000000d59f0f40,0x00000000d5b80000)
  from space 1024K, 53% used [0x00000000d5d80000,0x00000000d5e08000,0x00000000d5e80000)
  to   space 1024K, 0% used [0x00000000d5c80000,0x00000000d5c80000,0x00000000d5d80000)
 ParOldGen       total 1228288K, used 1228130K [0x0000000080000000, 0x00000000caf80000, 0x00000000d5580000)
  object space 1228288K, 99% used [0x0000000080000000,0x00000000caf58a88,0x00000000caf80000)
 Metaspace       used 106744K, committed 108480K, reserved 1179648K
  class space    used 10221K, committed 11072K, reserved 1048576K
}
Event: 174909.624 GC heap after
{Heap after GC invocations=8830 (full 12):
 PSYoungGen      total 7168K, used 712K [0x00000000d5580000, 0x00000000d5e00000, 0x0000000100000000)
  eden space 6144K, 0% used [0x00000000d5580000,0x00000000d5580000,0x00000000d5b80000)
  from space 1024K, 69% used [0x00000000d5c80000,0x00000000d5d320e8,0x00000000d5d80000)
  to   space 512K, 0% used [0x00000000d5d80000,0x00000000d5d80000,0x00000000d5e00000)
 ParOldGen       total 1228800K, used 1228530K [0x0000000080000000, 0x00000000cb000000, 0x00000000d5580000)
  object space 1228800K, 99% used [0x0000000080000000,0x00000000cafbca88,0x00000000cb000000)
 Metaspace       used 106744K, committed 108480K, reserved 1179648K
  class space    used 10221K, committed 11072K, reserved 1048576K
}
Event: 174909.628 GC heap before
{Heap before GC invocations=8831 (full 12):
 PSYoungGen      total 7168K, used 6840K [0x00000000d5580000, 0x00000000d5e00000, 0x0000000100000000)
  eden space 6144K, 99% used [0x00000000d5580000,0x00000000d5b7c308,0x00000000d5b80000)
  from space 1024K, 69% used [0x00000000d5c80000,0x00000000d5d320e8,0x00000000d5d80000)
  to   space 512K, 0% used [0x00000000d5d80000,0x00000000d5d80000,0x00000000d5e00000)
 ParOldGen       total 1228800K, used 1228530K [0x0000000080000000, 0x00000000cb000000, 0x00000000d5580000)
  object space 1228800K, 99% used [0x0000000080000000,0x00000000cafbca88,0x00000000cb000000)
 Metaspace       used 106744K, committed 108480K, reserved 1179648K
  class space    used 10221K, committed 11072K, reserved 1048576K
}
Event: 174909.629 GC heap after
{Heap after GC invocations=8831 (full 12):
 PSYoungGen      total 6656K, used 64K [0x00000000d5580000, 0x00000000d5e00000, 0x0000000100000000)
  eden space 6144K, 0% used [0x00000000d5580000,0x00000000d5580000,0x00000000d5b80000)
  from space 512K, 12% used [0x00000000d5d80000,0x00000000d5d90000,0x00000000d5e00000)
  to   space 512K, 0% used [0x00000000d5d00000,0x00000000d5d00000,0x00000000d5d80000)
 ParOldGen       total 1229312K, used 1228981K [0x0000000080000000, 0x00000000cb080000, 0x00000000d5580000)
  object space 1229312K, 99% used [0x0000000080000000,0x00000000cb02d5b0,0x00000000cb080000)
 Metaspace       used 106744K, committed 108480K, reserved 1179648K
  class space    used 10221K, committed 11072K, reserved 1048576K
}
Event: 174909.634 GC heap before
{Heap before GC invocations=8832 (full 12):
 PSYoungGen      total 6656K, used 6208K [0x00000000d5580000, 0x00000000d5e00000, 0x0000000100000000)
  eden space 6144K, 100% used [0x00000000d5580000,0x00000000d5b80000,0x00000000d5b80000)
  from space 512K, 12% used [0x00000000d5d80000,0x00000000d5d90000,0x00000000d5e00000)
  to   space 512K, 0% used [0x00000000d5d00000,0x00000000d5d00000,0x00000000d5d80000)
 ParOldGen       total 1229312K, used 1228981K [0x0000000080000000, 0x00000000cb080000, 0x00000000d5580000)
  object space 1229312K, 99% used [0x0000000080000000,0x00000000cb02d5b0,0x00000000cb080000)
 Metaspace       used 106744K, committed 108480K, reserved 1179648K
  class space    used 10221K, committed 11072K, reserved 1048576K
}
Event: 174909.635 GC heap after
{Heap after GC invocations=8832 (full 12):
 PSYoungGen      total 6656K, used 442K [0x00000000d5580000, 0x00000000d5e00000, 0x0000000100000000)
  eden space 6144K, 0% used [0x00000000d5580000,0x00000000d5580000,0x00000000d5b80000)
  from space 512K, 86% used [0x00000000d5d00000,0x00000000d5d6e900,0x00000000d5d80000)
  to   space 512K, 0% used [0x00000000d5d80000,0x00000000d5d80000,0x00000000d5e00000)
 ParOldGen       total 1229312K, used 1228981K [0x0000000080000000, 0x00000000cb080000, 0x00000000d5580000)
  object space 1229312K, 99% used [0x0000000080000000,0x00000000cb02d5b0,0x00000000cb080000)
 Metaspace       used 106744K, committed 108480K, reserved 1179648K
  class space    used 10221K, committed 11072K, reserved 1048576K
}
Event: 174909.640 GC heap before
{Heap before GC invocations=8833 (full 12):
 PSYoungGen      total 6656K, used 6586K [0x00000000d5580000, 0x00000000d5e00000, 0x0000000100000000)
  eden space 6144K, 100% used [0x00000000d5580000,0x00000000d5b80000,0x00000000d5b80000)
  from space 512K, 86% used [0x00000000d5d00000,0x00000000d5d6e900,0x00000000d5d80000)
  to   space 512K, 0% used [0x00000000d5d80000,0x00000000d5d80000,0x00000000d5e00000)
 ParOldGen       total 1229312K, used 1228981K [0x0000000080000000, 0x00000000cb080000, 0x00000000d5580000)
  object space 1229312K, 99% used [0x0000000080000000,0x00000000cb02d5b0,0x00000000cb080000)
 Metaspace       used 106744K, committed 108480K, reserved 1179648K
  class space    used 10221K, committed 11072K, reserved 1048576K
}
Event: 174909.641 GC heap after
{Heap after GC invocations=8833 (full 12):
 PSYoungGen      total 8192K, used 378K [0x00000000d5580000, 0x00000000d5e00000, 0x0000000100000000)
  eden space 7680K, 0% used [0x00000000d5580000,0x00000000d5580000,0x00000000d5d00000)
  from space 512K, 73% used [0x00000000d5d80000,0x00000000d5dde900,0x00000000d5e00000)
  to   space 512K, 0% used [0x00000000d5d00000,0x00000000d5d00000,0x00000000d5d80000)
 ParOldGen       total 1229312K, used 1228981K [0x0000000080000000, 0x00000000cb080000, 0x00000000d5580000)
  object space 1229312K, 99% used [0x0000000080000000,0x00000000cb02d5b0,0x00000000cb080000)
 Metaspace       used 106744K, committed 108480K, reserved 1179648K
  class space    used 10221K, committed 11072K, reserved 1048576K
}
Event: 174910.037 GC heap before
{Heap before GC invocations=8834 (full 12):
 PSYoungGen      total 8192K, used 8058K [0x00000000d5580000, 0x00000000d5e00000, 0x0000000100000000)
  eden space 7680K, 100% used [0x00000000d5580000,0x00000000d5d00000,0x00000000d5d00000)
  from space 512K, 73% used [0x00000000d5d80000,0x00000000d5dde900,0x00000000d5e00000)
  to   space 512K, 0% used [0x00000000d5d00000,0x00000000d5d00000,0x00000000d5d80000)
 ParOldGen       total 1229312K, used 1228981K [0x0000000080000000, 0x00000000cb080000, 0x00000000d5580000)
  object space 1229312K, 99% used [0x0000000080000000,0x00000000cb02d5b0,0x00000000cb080000)
 Metaspace       used 106745K, committed 108480K, reserved 1179648K
  class space    used 10221K, committed 11072K, reserved 1048576K
}
Event: 174910.041 GC heap after
{Heap after GC invocations=8834 (full 12):
 PSYoungGen      total 8192K, used 288K [0x00000000d5580000, 0x00000000d5e00000, 0x0000000100000000)
  eden space 7680K, 0% used [0x00000000d5580000,0x00000000d5580000,0x00000000d5d00000)
  from space 512K, 56% used [0x00000000d5d00000,0x00000000d5d48000,0x00000000d5d80000)
  to   space 512K, 0% used [0x00000000d5d80000,0x00000000d5d80000,0x00000000d5e00000)
 ParOldGen       total 1229312K, used 1229037K [0x0000000080000000, 0x00000000cb080000, 0x00000000d5580000)
  object space 1229312K, 99% used [0x0000000080000000,0x00000000cb03b5b0,0x00000000cb080000)
 Metaspace       used 106745K, committed 108480K, reserved 1179648K
  class space    used 10221K, committed 11072K, reserved 1048576K
}

